<?xml version="1.0" encoding="UTF-8"?>
<testng-results ignored="0" total="1" passed="1" failed="0" skipped="0">
  <reporter-output>
  </reporter-output>
  <suite started-at="2024-12-26T21:21:24 IST" name="Suite" finished-at="2024-12-26T21:21:27 IST" duration-ms="3300">
    <groups>
    </groups>
    <test started-at="2024-12-26T21:21:24 IST" name="Test" finished-at="2024-12-26T21:21:27 IST" duration-ms="3300">
      <class name="testpackage.test1">
        <test-method is-config="true" signature="beforeMethod()[pri:0, instance:testpackage.test1@1a677343]" started-at="2024-12-26T21:21:24 IST" name="beforeMethod" finished-at="2024-12-26T21:21:25 IST" duration-ms="1447" status="PASS">
          <reporter-output>
          </reporter-output>
        </test-method> <!-- beforeMethod -->
        <test-method signature="f()[pri:0, instance:testpackage.test1@1a677343]" started-at="2024-12-26T21:21:25 IST" name="f" finished-at="2024-12-26T21:21:27 IST" duration-ms="1706" status="PASS">
          <reporter-output>
          </reporter-output>
        </test-method> <!-- f -->
        <test-method is-config="true" signature="afterMethod()[pri:0, instance:testpackage.test1@1a677343]" started-at="2024-12-26T21:21:27 IST" name="afterMethod" finished-at="2024-12-26T21:21:27 IST" duration-ms="116" status="PASS">
          <reporter-output>
          </reporter-output>
        </test-method> <!-- afterMethod -->
      </class> <!-- testpackage.test1 -->
    </test> <!-- Test -->
  </suite> <!-- Suite -->
</testng-results>
