<?xml version="1.0" encoding="UTF-8"?>
<testng-results ignored="0" total="1" passed="1" failed="0" skipped="0">
  <reporter-output>
  </reporter-output>
  <suite started-at="2024-12-18T21:03:24 IST" name="Default suite" finished-at="2024-12-18T21:03:28 IST" duration-ms="4349">
    <groups>
    </groups>
    <test started-at="2024-12-18T21:03:24 IST" name="Default test" finished-at="2024-12-18T21:03:28 IST" duration-ms="4349">
      <class name="testpackage.test1">
        <test-method is-config="true" signature="beforeMethod()[pri:0, instance:testpackage.test1@489115ef]" started-at="2024-12-18T21:03:24 IST" name="beforeMethod" finished-at="2024-12-18T21:03:25 IST" duration-ms="1142" status="PASS">
          <reporter-output>
          </reporter-output>
        </test-method> <!-- beforeMethod -->
        <test-method signature="f()[pri:0, instance:testpackage.test1@489115ef]" started-at="2024-12-18T21:03:25 IST" name="f" finished-at="2024-12-18T21:03:28 IST" duration-ms="2898" status="PASS">
          <reporter-output>
          </reporter-output>
        </test-method> <!-- f -->
        <test-method is-config="true" signature="afterMethod()[pri:0, instance:testpackage.test1@489115ef]" started-at="2024-12-18T21:03:28 IST" name="afterMethod" finished-at="2024-12-18T21:03:28 IST" duration-ms="266" status="PASS">
          <reporter-output>
          </reporter-output>
        </test-method> <!-- afterMethod -->
      </class> <!-- testpackage.test1 -->
    </test> <!-- Default test -->
  </suite> <!-- Default suite -->
</testng-results>
